2014-06-27 09:14:21,355 - [INFO] - from play in pool-7-thread-1 
Listening for HTTP on /0:0:0:0:0:0:0:0:9000

2014-06-27 09:20:09,951 - [DEBUG] - from com.jolbox.bonecp.BoneCPDataSource in play-internal-execution-context-1 
JDBC URL = jdbc:mysql://localhost:3306/bugatti2?characterEncoding=utf8, Username = root, partitions = 2, max (per partition) = 50, min (per partition) = 5, idle max age = 10 min, idle test period = 5 min, strategy = DEFAULT

2014-06-27 09:20:10,473 - [INFO] - from play in play-internal-execution-context-1 
database [default] connected at jdbc:mysql://localhost:3306/bugatti2?characterEncoding=utf8

2014-06-27 09:20:11,222 - [DEBUG] - from com.jolbox.bonecp.PreparedStatementHandle in play-internal-execution-context-1 
drop table `sub_project_conf_log_content`

2014-06-27 09:20:11,258 - [DEBUG] - from com.jolbox.bonecp.PreparedStatementHandle in play-internal-execution-context-1 
create table `sub_project_conf_log_content` (`id` INTEGER NOT NULL PRIMARY KEY,`content` text NOT NULL)

2014-06-27 09:20:11,393 - [DEBUG] - from com.jolbox.bonecp.PreparedStatementHandle in play-internal-execution-context-1 
drop table `sub_project_conf_log`

2014-06-27 09:20:11,411 - [DEBUG] - from com.jolbox.bonecp.PreparedStatementHandle in play-internal-execution-context-1 
create table `sub_project_conf_log` (`id` INTEGER NOT NULL AUTO_INCREMENT PRIMARY KEY,`scid` INTEGER NOT NULL,`eid` INTEGER NOT NULL,`spid` INTEGER NOT NULL,`name` VARCHAR(50) NOT NULL,`path` VARCHAR(500) NOT NULL,`remark` VARCHAR(500) NOT NULL,`updated` TIMESTAMP DEFAULT {ts '2014-06-27 09:20:11.407'} NOT NULL)

2014-06-27 09:20:11,435 - [DEBUG] - from com.jolbox.bonecp.PreparedStatementHandle in play-internal-execution-context-1 
drop table `sub_project_conf_content`

2014-06-27 09:20:11,439 - [DEBUG] - from com.jolbox.bonecp.PreparedStatementHandle in play-internal-execution-context-1 
create table `sub_project_conf_content` (`id` INTEGER NOT NULL PRIMARY KEY,`content` text NOT NULL)

2014-06-27 09:20:11,458 - [DEBUG] - from com.jolbox.bonecp.PreparedStatementHandle in play-internal-execution-context-1 
drop table `sub_project_conf`

2014-06-27 09:20:11,480 - [DEBUG] - from com.jolbox.bonecp.PreparedStatementHandle in play-internal-execution-context-1 
create table `sub_project_conf` (`id` INTEGER NOT NULL AUTO_INCREMENT PRIMARY KEY,`eid` INTEGER NOT NULL,`pid` INTEGER NOT NULL,`spid` INTEGER NOT NULL,`name` VARCHAR(50) NOT NULL,`path` VARCHAR(500) NOT NULL,`last_updated` TIMESTAMP DEFAULT {ts '2014-06-27 09:20:11.478'} NOT NULL)

2014-06-27 09:20:11,490 - [DEBUG] - from com.jolbox.bonecp.PreparedStatementHandle in play-internal-execution-context-1 
create index `idx_espid` on `sub_project_conf` (`eid`,`spid`)

2014-06-27 09:20:11,508 - [DEBUG] - from com.jolbox.bonecp.PreparedStatementHandle in play-internal-execution-context-1 
drop table `sub_project`

2014-06-27 09:20:11,512 - [DEBUG] - from com.jolbox.bonecp.PreparedStatementHandle in play-internal-execution-context-1 
create table `sub_project` (`id` INTEGER NOT NULL AUTO_INCREMENT PRIMARY KEY,`pid` INTEGER NOT NULL,`version` VARCHAR(254) NOT NULL,`updated` TIMESTAMP DEFAULT {ts '2014-06-27 09:20:11.51'} NOT NULL)

2014-06-27 09:20:11,539 - [DEBUG] - from com.jolbox.bonecp.PreparedStatementHandle in play-internal-execution-context-1 
create index `idx_pid` on `sub_project` (`pid`)

2014-06-27 09:20:11,582 - [DEBUG] - from com.jolbox.bonecp.PreparedStatementHandle in play-internal-execution-context-1 
drop table `permission`

2014-06-27 09:20:11,604 - [DEBUG] - from com.jolbox.bonecp.PreparedStatementHandle in play-internal-execution-context-1 
create table `permission` (`job_no` VARCHAR(16) NOT NULL PRIMARY KEY,`functions` text NOT NULL)

2014-06-27 09:20:11,641 - [DEBUG] - from com.jolbox.bonecp.PreparedStatementHandle in play-internal-execution-context-1 
drop table `environment`

2014-06-27 09:20:11,664 - [DEBUG] - from com.jolbox.bonecp.PreparedStatementHandle in play-internal-execution-context-1 
create table `environment` (`id` INTEGER NOT NULL AUTO_INCREMENT PRIMARY KEY,`name` VARCHAR(30) NOT NULL,`remark` VARCHAR(254),`nfs_server` VARCHAR(30),`ip_range` VARCHAR(300),`level` INTEGER DEFAULT 0 NOT NULL)

2014-06-27 09:20:11,679 - [DEBUG] - from com.jolbox.bonecp.PreparedStatementHandle in play-internal-execution-context-1 
create unique index `idx_name` on `environment` (`name`)

2014-06-27 09:20:11,714 - [DEBUG] - from com.jolbox.bonecp.PreparedStatementHandle in play-internal-execution-context-1 
drop table `member`

2014-06-27 09:20:11,719 - [DEBUG] - from com.jolbox.bonecp.PreparedStatementHandle in play-internal-execution-context-1 
create table `member` (`id` INTEGER NOT NULL PRIMARY KEY,`pid` INTEGER NOT NULL,`level` INTEGER DEFAULT 0 NOT NULL,`job_no` VARCHAR(16) NOT NULL)

2014-06-27 09:20:11,743 - [DEBUG] - from com.jolbox.bonecp.PreparedStatementHandle in play-internal-execution-context-1 
drop table `project`

2014-06-27 09:20:11,768 - [DEBUG] - from com.jolbox.bonecp.PreparedStatementHandle in play-internal-execution-context-1 
create table `project` (`id` INTEGER NOT NULL AUTO_INCREMENT PRIMARY KEY,`name` VARCHAR(254) NOT NULL,`type_id` INTEGER NOT NULL,`last_version` VARCHAR(254) NOT NULL,`last_updated` TIMESTAMP DEFAULT {ts '2014-06-27 09:20:11.767'} NOT NULL)

2014-06-27 09:20:11,793 - [DEBUG] - from com.jolbox.bonecp.PreparedStatementHandle in play-internal-execution-context-1 
create unique index `idx_name` on `project` (`name`)

2014-06-27 09:20:11,809 - [DEBUG] - from com.jolbox.bonecp.PreparedStatementHandle in play-internal-execution-context-1 
drop table `app_user`

2014-06-27 09:20:11,833 - [DEBUG] - from com.jolbox.bonecp.PreparedStatementHandle in play-internal-execution-context-1 
create table `app_user` (`job_no` VARCHAR(16) NOT NULL PRIMARY KEY,`name` VARCHAR(20),`role` ENUM('admin', 'user') DEFAULT 'user' NOT NULL,`locked` ENUM('y', 'n') DEFAULT 'n' NOT NULL,`last_ip` VARCHAR(40),`last_visit` TIMESTAMP DEFAULT {ts '2014-06-27 09:20:11.832'} NULL)

2014-06-27 09:20:11,853 - [INFO] - from play in play-internal-execution-context-1 
Application started (Dev)

2014-06-27 09:20:16,011 - [DEBUG] - from com.jolbox.bonecp.PreparedStatementHandle in play-akka.actor.default-dispatcher-3 
select x2.x3 from (select count(1) as x3 from (select x4.`id` as `id`, x4.`nfs_server` as `nfs_server`, x4.`name` as `name`, x4.`ip_range` as `ip_range`, x4.`remark` as `remark`, x4.`level` as `level` from `environment` x4) x5) x2

2014-06-27 09:20:16,011 - [DEBUG] - from com.jolbox.bonecp.PreparedStatementHandle in play-akka.actor.default-dispatcher-5 
select x2.`id`, x2.`name`, x2.`remark`, x2.`nfs_server`, x2.`ip_range`, x2.`level` from (select x3.`id` as `id`, x3.`nfs_server` as `nfs_server`, x3.`name` as `name`, x3.`ip_range` as `ip_range`, x3.`remark` as `remark`, x3.`level` as `level` from `environment` x3 limit 10) x2

2014-06-27 09:20:40,216 - [DEBUG] - from com.jolbox.bonecp.PreparedStatementHandle in play-akka.actor.default-dispatcher-6 
select x2.x3 from (select count(1) as x3 from (select x4.`id` as `id`, x4.`nfs_server` as `nfs_server`, x4.`name` as `name`, x4.`ip_range` as `ip_range`, x4.`remark` as `remark`, x4.`level` as `level` from `environment` x4) x5) x2

2014-06-27 09:20:40,233 - [DEBUG] - from com.jolbox.bonecp.PreparedStatementHandle in play-akka.actor.default-dispatcher-2 
select x2.`id`, x2.`name`, x2.`remark`, x2.`nfs_server`, x2.`ip_range`, x2.`level` from (select x3.`id` as `id`, x3.`nfs_server` as `nfs_server`, x3.`name` as `name`, x3.`ip_range` as `ip_range`, x3.`remark` as `remark`, x3.`level` as `level` from `environment` x3 limit 10) x2

2014-06-27 09:23:27,400 - [DEBUG] - from com.jolbox.bonecp.PreparedStatementHandle in play-akka.actor.default-dispatcher-6 
select x2.x3 from (select count(1) as x3 from (select x4.`id` as `id`, x4.`nfs_server` as `nfs_server`, x4.`name` as `name`, x4.`ip_range` as `ip_range`, x4.`remark` as `remark`, x4.`level` as `level` from `environment` x4) x5) x2

2014-06-27 09:23:27,420 - [DEBUG] - from com.jolbox.bonecp.PreparedStatementHandle in play-akka.actor.default-dispatcher-8 
select x2.`id`, x2.`name`, x2.`remark`, x2.`nfs_server`, x2.`ip_range`, x2.`level` from (select x3.`id` as `id`, x3.`nfs_server` as `nfs_server`, x3.`name` as `name`, x3.`ip_range` as `ip_range`, x3.`remark` as `remark`, x3.`level` as `level` from `environment` x3 limit 10) x2

2014-06-27 09:24:50,968 - [DEBUG] - from com.jolbox.bonecp.PreparedStatementHandle in play-akka.actor.default-dispatcher-11 
select x2.x3 from (select count(1) as x3 from (select x4.`last_ip` as `last_ip`, x4.`last_visit` as `last_visit`, x4.`job_no` as `job_no`, x4.`name` as `name`, x4.`locked` as `locked`, x4.`role` as `role` from `app_user` x4) x5) x2

2014-06-27 09:24:50,972 - [DEBUG] - from com.jolbox.bonecp.PreparedStatementHandle in play-akka.actor.default-dispatcher-10 
select x2.`job_no`, x2.`name`, x2.`role`, x2.`locked`, x2.`last_ip`, x2.`last_visit` from (select x3.`last_ip` as `last_ip`, x3.`last_visit` as `last_visit`, x3.`job_no` as `job_no`, x3.`name` as `name`, x3.`locked` as `locked`, x3.`role` as `role` from `app_user` x3 limit 10) x2

2014-06-27 09:24:55,255 - [DEBUG] - from com.jolbox.bonecp.PreparedStatementHandle in play-akka.actor.default-dispatcher-11 
select x2.x3 from (select count(1) as x3 from (select x4.`id` as `id`, x4.`nfs_server` as `nfs_server`, x4.`name` as `name`, x4.`ip_range` as `ip_range`, x4.`remark` as `remark`, x4.`level` as `level` from `environment` x4) x5) x2

2014-06-27 09:24:55,267 - [DEBUG] - from com.jolbox.bonecp.PreparedStatementHandle in play-akka.actor.default-dispatcher-12 
select x2.`id`, x2.`name`, x2.`remark`, x2.`nfs_server`, x2.`ip_range`, x2.`level` from (select x3.`id` as `id`, x3.`nfs_server` as `nfs_server`, x3.`name` as `name`, x3.`ip_range` as `ip_range`, x3.`remark` as `remark`, x3.`level` as `level` from `environment` x3 limit 10) x2

2014-06-27 09:39:03,722 - [DEBUG] - from com.jolbox.bonecp.PreparedStatementHandle in play-akka.actor.default-dispatcher-17 
select x2.x3 from (select count(1) as x3 from (select x4.`id` as `id`, x4.`nfs_server` as `nfs_server`, x4.`name` as `name`, x4.`ip_range` as `ip_range`, x4.`remark` as `remark`, x4.`level` as `level` from `environment` x4) x5) x2

2014-06-27 09:39:03,736 - [DEBUG] - from com.jolbox.bonecp.PreparedStatementHandle in play-akka.actor.default-dispatcher-14 
select x2.`id`, x2.`name`, x2.`remark`, x2.`nfs_server`, x2.`ip_range`, x2.`level` from (select x3.`id` as `id`, x3.`nfs_server` as `nfs_server`, x3.`name` as `name`, x3.`ip_range` as `ip_range`, x3.`remark` as `remark`, x3.`level` as `level` from `environment` x3 limit 10) x2

2014-06-27 09:40:33,330 - [DEBUG] - from com.jolbox.bonecp.PreparedStatementHandle in play-akka.actor.default-dispatcher-17 
select x2.x3 from (select count(1) as x3 from (select x4.`id` as `id`, x4.`nfs_server` as `nfs_server`, x4.`name` as `name`, x4.`ip_range` as `ip_range`, x4.`remark` as `remark`, x4.`level` as `level` from `environment` x4) x5) x2

2014-06-27 09:40:33,343 - [DEBUG] - from com.jolbox.bonecp.PreparedStatementHandle in play-akka.actor.default-dispatcher-19 
select x2.`id`, x2.`name`, x2.`remark`, x2.`nfs_server`, x2.`ip_range`, x2.`level` from (select x3.`id` as `id`, x3.`nfs_server` as `nfs_server`, x3.`name` as `name`, x3.`ip_range` as `ip_range`, x3.`remark` as `remark`, x3.`level` as `level` from `environment` x3 limit 10) x2

2014-06-27 09:40:42,835 - [DEBUG] - from com.jolbox.bonecp.PreparedStatementHandle in play-akka.actor.default-dispatcher-19 
select x2.x3 from (select count(1) as x3 from (select x4.`id` as `id`, x4.`nfs_server` as `nfs_server`, x4.`name` as `name`, x4.`ip_range` as `ip_range`, x4.`remark` as `remark`, x4.`level` as `level` from `environment` x4) x5) x2

2014-06-27 09:40:42,848 - [DEBUG] - from com.jolbox.bonecp.PreparedStatementHandle in play-akka.actor.default-dispatcher-17 
select x2.`id`, x2.`name`, x2.`remark`, x2.`nfs_server`, x2.`ip_range`, x2.`level` from (select x3.`id` as `id`, x3.`nfs_server` as `nfs_server`, x3.`name` as `name`, x3.`ip_range` as `ip_range`, x3.`remark` as `remark`, x3.`level` as `level` from `environment` x3 limit 10) x2

2014-06-27 09:43:47,938 - [DEBUG] - from com.jolbox.bonecp.PreparedStatementHandle in play-akka.actor.default-dispatcher-21 
select x2.x3 from (select count(1) as x3 from (select x4.`id` as `id`, x4.`nfs_server` as `nfs_server`, x4.`name` as `name`, x4.`ip_range` as `ip_range`, x4.`remark` as `remark`, x4.`level` as `level` from `environment` x4) x5) x2

2014-06-27 09:43:47,952 - [DEBUG] - from com.jolbox.bonecp.PreparedStatementHandle in play-akka.actor.default-dispatcher-20 
select x2.`id`, x2.`name`, x2.`remark`, x2.`nfs_server`, x2.`ip_range`, x2.`level` from (select x3.`id` as `id`, x3.`nfs_server` as `nfs_server`, x3.`name` as `name`, x3.`ip_range` as `ip_range`, x3.`remark` as `remark`, x3.`level` as `level` from `environment` x3 limit 10) x2

2014-06-27 09:43:51,119 - [DEBUG] - from com.jolbox.bonecp.PreparedStatementHandle in play-akka.actor.default-dispatcher-21 
select x2.x3 from (select count(1) as x3 from (select x4.`id` as `id`, x4.`nfs_server` as `nfs_server`, x4.`name` as `name`, x4.`ip_range` as `ip_range`, x4.`remark` as `remark`, x4.`level` as `level` from `environment` x4) x5) x2

2014-06-27 09:43:51,132 - [DEBUG] - from com.jolbox.bonecp.PreparedStatementHandle in play-akka.actor.default-dispatcher-20 
select x2.`id`, x2.`name`, x2.`remark`, x2.`nfs_server`, x2.`ip_range`, x2.`level` from (select x3.`id` as `id`, x3.`nfs_server` as `nfs_server`, x3.`name` as `name`, x3.`ip_range` as `ip_range`, x3.`remark` as `remark`, x3.`level` as `level` from `environment` x3 limit 10) x2

2014-06-27 09:45:53,834 - [DEBUG] - from com.jolbox.bonecp.PreparedStatementHandle in play-akka.actor.default-dispatcher-23 
select x2.x3 from (select count(1) as x3 from (select x4.`id` as `id`, x4.`nfs_server` as `nfs_server`, x4.`name` as `name`, x4.`ip_range` as `ip_range`, x4.`remark` as `remark`, x4.`level` as `level` from `environment` x4) x5) x2

2014-06-27 09:45:53,845 - [DEBUG] - from com.jolbox.bonecp.PreparedStatementHandle in play-akka.actor.default-dispatcher-22 
select x2.`id`, x2.`name`, x2.`remark`, x2.`nfs_server`, x2.`ip_range`, x2.`level` from (select x3.`id` as `id`, x3.`nfs_server` as `nfs_server`, x3.`name` as `name`, x3.`ip_range` as `ip_range`, x3.`remark` as `remark`, x3.`level` as `level` from `environment` x3 limit 10) x2

2014-06-27 09:48:33,250 - [DEBUG] - from com.jolbox.bonecp.PreparedStatementHandle in play-akka.actor.default-dispatcher-27 
select x2.`id`, x2.`name`, x2.`remark`, x2.`nfs_server`, x2.`ip_range`, x2.`level` from `environment` x2 where x2.`id` = 1

2014-06-27 09:48:37,245 - [DEBUG] - from com.jolbox.bonecp.PreparedStatementHandle in play-akka.actor.default-dispatcher-25 
select x2.`id`, x2.`name`, x2.`remark`, x2.`nfs_server`, x2.`ip_range`, x2.`level` from `environment` x2 where x2.`id` = 1

2014-06-27 09:48:45,205 - [DEBUG] - from com.jolbox.bonecp.PreparedStatementHandle in play-akka.actor.default-dispatcher-27 
select x2.`id`, x2.`name`, x2.`remark`, x2.`nfs_server`, x2.`ip_range`, x2.`level` from `environment` x2 where x2.`id` = 1

2014-06-27 09:49:59,172 - [DEBUG] - from com.jolbox.bonecp.PreparedStatementHandle in play-akka.actor.default-dispatcher-25 
select x2.`id`, x2.`name`, x2.`remark`, x2.`nfs_server`, x2.`ip_range`, x2.`level` from `environment` x2 where x2.`id` = 1

2014-06-27 09:50:28,861 - [DEBUG] - from com.jolbox.bonecp.PreparedStatementHandle in play-akka.actor.default-dispatcher-28 
select x2.`id`, x2.`name`, x2.`remark`, x2.`nfs_server`, x2.`ip_range`, x2.`level` from `environment` x2 where x2.`id` = 1

2014-06-27 09:50:29,877 - [DEBUG] - from com.jolbox.bonecp.PreparedStatementHandle in play-akka.actor.default-dispatcher-29 
select x2.x3 from (select count(1) as x3 from (select x4.`id` as `id`, x4.`nfs_server` as `nfs_server`, x4.`name` as `name`, x4.`ip_range` as `ip_range`, x4.`remark` as `remark`, x4.`level` as `level` from `environment` x4) x5) x2

2014-06-27 09:50:29,894 - [DEBUG] - from com.jolbox.bonecp.PreparedStatementHandle in play-akka.actor.default-dispatcher-29 
select x2.`id`, x2.`name`, x2.`remark`, x2.`nfs_server`, x2.`ip_range`, x2.`level` from (select x3.`id` as `id`, x3.`nfs_server` as `nfs_server`, x3.`name` as `name`, x3.`ip_range` as `ip_range`, x3.`remark` as `remark`, x3.`level` as `level` from `environment` x3 limit 10) x2

2014-06-27 09:50:48,300 - [DEBUG] - from com.jolbox.bonecp.PreparedStatementHandle in play-akka.actor.default-dispatcher-29 
select x2.x3 from (select count(1) as x3 from (select x4.`id` as `id`, x4.`nfs_server` as `nfs_server`, x4.`name` as `name`, x4.`ip_range` as `ip_range`, x4.`remark` as `remark`, x4.`level` as `level` from `environment` x4) x5) x2

2014-06-27 09:50:48,313 - [DEBUG] - from com.jolbox.bonecp.PreparedStatementHandle in play-akka.actor.default-dispatcher-29 
select x2.`id`, x2.`name`, x2.`remark`, x2.`nfs_server`, x2.`ip_range`, x2.`level` from (select x3.`id` as `id`, x3.`nfs_server` as `nfs_server`, x3.`name` as `name`, x3.`ip_range` as `ip_range`, x3.`remark` as `remark`, x3.`level` as `level` from `environment` x3 limit 10) x2

2014-06-27 09:51:13,142 - [DEBUG] - from com.jolbox.bonecp.PreparedStatementHandle in play-akka.actor.default-dispatcher-28 
select x2.x3 from (select count(1) as x3 from (select x4.`id` as `id`, x4.`nfs_server` as `nfs_server`, x4.`name` as `name`, x4.`ip_range` as `ip_range`, x4.`remark` as `remark`, x4.`level` as `level` from `environment` x4) x5) x2

2014-06-27 09:51:13,155 - [DEBUG] - from com.jolbox.bonecp.PreparedStatementHandle in play-akka.actor.default-dispatcher-31 
select x2.`id`, x2.`name`, x2.`remark`, x2.`nfs_server`, x2.`ip_range`, x2.`level` from (select x3.`id` as `id`, x3.`nfs_server` as `nfs_server`, x3.`name` as `name`, x3.`ip_range` as `ip_range`, x3.`remark` as `remark`, x3.`level` as `level` from `environment` x3 limit 10) x2

2014-06-27 09:51:16,403 - [DEBUG] - from com.jolbox.bonecp.PreparedStatementHandle in play-akka.actor.default-dispatcher-28 
select x2.x3 from (select count(1) as x3 from (select x4.`id` as `id`, x4.`nfs_server` as `nfs_server`, x4.`name` as `name`, x4.`ip_range` as `ip_range`, x4.`remark` as `remark`, x4.`level` as `level` from `environment` x4) x5) x2

2014-06-27 09:51:16,416 - [DEBUG] - from com.jolbox.bonecp.PreparedStatementHandle in play-akka.actor.default-dispatcher-31 
select x2.`id`, x2.`name`, x2.`remark`, x2.`nfs_server`, x2.`ip_range`, x2.`level` from (select x3.`id` as `id`, x3.`nfs_server` as `nfs_server`, x3.`name` as `name`, x3.`ip_range` as `ip_range`, x3.`remark` as `remark`, x3.`level` as `level` from `environment` x3 limit 10) x2

2014-06-27 09:51:19,585 - [DEBUG] - from com.jolbox.bonecp.PreparedStatementHandle in play-akka.actor.default-dispatcher-28 
select x2.x3 from (select count(1) as x3 from (select x4.`id` as `id`, x4.`nfs_server` as `nfs_server`, x4.`name` as `name`, x4.`ip_range` as `ip_range`, x4.`remark` as `remark`, x4.`level` as `level` from `environment` x4) x5) x2

2014-06-27 09:51:19,597 - [DEBUG] - from com.jolbox.bonecp.PreparedStatementHandle in play-akka.actor.default-dispatcher-31 
select x2.`id`, x2.`name`, x2.`remark`, x2.`nfs_server`, x2.`ip_range`, x2.`level` from (select x3.`id` as `id`, x3.`nfs_server` as `nfs_server`, x3.`name` as `name`, x3.`ip_range` as `ip_range`, x3.`remark` as `remark`, x3.`level` as `level` from `environment` x3 limit 10) x2

2014-06-27 10:10:09,502 - [ERROR] - from application in New I/O worker #13 


! @6ika69e28 - Internal server error, for (GET) [/webjars/angularjs/1.2.15/angular-sanitize.js] ->

play.PlayExceptions$CompilationException: Compilation error[method enum is defined twice
  conflicting symbols both originated in file '/Users/li/IdeaProjects/bugatti2/app/enums/form.scala']
	at play.PlayReloader$$anon$1$$anonfun$reload$2$$anonfun$apply$14$$anonfun$apply$16.apply(PlayReloader.scala:304) ~[na:na]
	at play.PlayReloader$$anon$1$$anonfun$reload$2$$anonfun$apply$14$$anonfun$apply$16.apply(PlayReloader.scala:304) ~[na:na]
	at scala.Option.map(Option.scala:145) ~[scala-library-2.10.4.jar:na]
	at play.PlayReloader$$anon$1$$anonfun$reload$2$$anonfun$apply$14.apply(PlayReloader.scala:304) ~[na:na]
	at play.PlayReloader$$anon$1$$anonfun$reload$2$$anonfun$apply$14.apply(PlayReloader.scala:298) ~[na:na]
	at scala.Option.map(Option.scala:145) ~[scala-library-2.10.4.jar:na]
	at play.PlayReloader$$anon$1$$anonfun$reload$2.apply(PlayReloader.scala:298) ~[na:na]
	at play.PlayReloader$$anon$1$$anonfun$reload$2.apply(PlayReloader.scala:296) ~[na:na]
	at scala.util.Either$LeftProjection.map(Either.scala:377) ~[scala-library-2.10.4.jar:na]
	at play.PlayReloader$$anon$1.reload(PlayReloader.scala:296) ~[na:na]
	at play.core.ReloadableApplication$$anonfun$get$1.apply(ApplicationProvider.scala:104) ~[play_2.10.jar:2.2.2]
	at play.core.ReloadableApplication$$anonfun$get$1.apply(ApplicationProvider.scala:102) ~[play_2.10.jar:2.2.2]
	at scala.concurrent.impl.Future$PromiseCompletingRunnable.liftedTree1$1(Future.scala:24) ~[scala-library-2.10.4.jar:na]
	at scala.concurrent.impl.Future$PromiseCompletingRunnable.run(Future.scala:24) ~[scala-library-2.10.4.jar:na]
	at scala.concurrent.forkjoin.ForkJoinTask$AdaptedRunnableAction.exec(ForkJoinTask.java:1361) ~[scala-library-2.10.4.jar:na]
	at scala.concurrent.forkjoin.ForkJoinTask.doExec(ForkJoinTask.java:260) ~[scala-library-2.10.4.jar:na]
	at scala.concurrent.forkjoin.ForkJoinPool$WorkQueue.runTask(ForkJoinPool.java:1339) ~[scala-library-2.10.4.jar:na]
	at scala.concurrent.forkjoin.ForkJoinPool.runWorker(ForkJoinPool.java:1979) ~[scala-library-2.10.4.jar:na]
	at scala.concurrent.forkjoin.ForkJoinWorkerThread.run(ForkJoinWorkerThread.java:107) ~[scala-library-2.10.4.jar:na]

2014-06-27 10:10:10,040 - [ERROR] - from application in New I/O worker #14 


! @6ika69eo7 - Internal server error, for (GET) [/webjars/angularjs/1.2.15/angular-cookies.js] ->

play.PlayExceptions$CompilationException: Compilation error[method enum is defined twice
  conflicting symbols both originated in file '/Users/li/IdeaProjects/bugatti2/app/enums/form.scala']
	at play.PlayReloader$$anon$1$$anonfun$reload$2$$anonfun$apply$14$$anonfun$apply$16.apply(PlayReloader.scala:304) ~[na:na]
	at play.PlayReloader$$anon$1$$anonfun$reload$2$$anonfun$apply$14$$anonfun$apply$16.apply(PlayReloader.scala:304) ~[na:na]
	at scala.Option.map(Option.scala:145) ~[scala-library-2.10.4.jar:na]
	at play.PlayReloader$$anon$1$$anonfun$reload$2$$anonfun$apply$14.apply(PlayReloader.scala:304) ~[na:na]
	at play.PlayReloader$$anon$1$$anonfun$reload$2$$anonfun$apply$14.apply(PlayReloader.scala:298) ~[na:na]
	at scala.Option.map(Option.scala:145) ~[scala-library-2.10.4.jar:na]
	at play.PlayReloader$$anon$1$$anonfun$reload$2.apply(PlayReloader.scala:298) ~[na:na]
	at play.PlayReloader$$anon$1$$anonfun$reload$2.apply(PlayReloader.scala:296) ~[na:na]
	at scala.util.Either$LeftProjection.map(Either.scala:377) ~[scala-library-2.10.4.jar:na]
	at play.PlayReloader$$anon$1.reload(PlayReloader.scala:296) ~[na:na]
	at play.core.ReloadableApplication$$anonfun$get$1.apply(ApplicationProvider.scala:104) ~[play_2.10.jar:2.2.2]
	at play.core.ReloadableApplication$$anonfun$get$1.apply(ApplicationProvider.scala:102) ~[play_2.10.jar:2.2.2]
	at scala.concurrent.impl.Future$PromiseCompletingRunnable.liftedTree1$1(Future.scala:24) ~[scala-library-2.10.4.jar:na]
	at scala.concurrent.impl.Future$PromiseCompletingRunnable.run(Future.scala:24) ~[scala-library-2.10.4.jar:na]
	at scala.concurrent.forkjoin.ForkJoinTask$AdaptedRunnableAction.exec(ForkJoinTask.java:1361) ~[scala-library-2.10.4.jar:na]
	at scala.concurrent.forkjoin.ForkJoinTask.doExec(ForkJoinTask.java:260) ~[scala-library-2.10.4.jar:na]
	at scala.concurrent.forkjoin.ForkJoinPool$WorkQueue.runTask(ForkJoinPool.java:1339) ~[scala-library-2.10.4.jar:na]
	at scala.concurrent.forkjoin.ForkJoinPool.runWorker(ForkJoinPool.java:1979) ~[scala-library-2.10.4.jar:na]
	at scala.concurrent.forkjoin.ForkJoinWorkerThread.run(ForkJoinWorkerThread.java:107) ~[scala-library-2.10.4.jar:na]

2014-06-27 10:10:10,609 - [ERROR] - from application in New I/O worker #15 


! @6ika69fk3 - Internal server error, for (GET) [/img/favicon.png] ->

play.PlayExceptions$CompilationException: Compilation error[method enum is defined twice
  conflicting symbols both originated in file '/Users/li/IdeaProjects/bugatti2/app/enums/form.scala']
	at play.PlayReloader$$anon$1$$anonfun$reload$2$$anonfun$apply$14$$anonfun$apply$16.apply(PlayReloader.scala:304) ~[na:na]
	at play.PlayReloader$$anon$1$$anonfun$reload$2$$anonfun$apply$14$$anonfun$apply$16.apply(PlayReloader.scala:304) ~[na:na]
	at scala.Option.map(Option.scala:145) ~[scala-library-2.10.4.jar:na]
	at play.PlayReloader$$anon$1$$anonfun$reload$2$$anonfun$apply$14.apply(PlayReloader.scala:304) ~[na:na]
	at play.PlayReloader$$anon$1$$anonfun$reload$2$$anonfun$apply$14.apply(PlayReloader.scala:298) ~[na:na]
	at scala.Option.map(Option.scala:145) ~[scala-library-2.10.4.jar:na]
	at play.PlayReloader$$anon$1$$anonfun$reload$2.apply(PlayReloader.scala:298) ~[na:na]
	at play.PlayReloader$$anon$1$$anonfun$reload$2.apply(PlayReloader.scala:296) ~[na:na]
	at scala.util.Either$LeftProjection.map(Either.scala:377) ~[scala-library-2.10.4.jar:na]
	at play.PlayReloader$$anon$1.reload(PlayReloader.scala:296) ~[na:na]
	at play.core.ReloadableApplication$$anonfun$get$1.apply(ApplicationProvider.scala:104) ~[play_2.10.jar:2.2.2]
	at play.core.ReloadableApplication$$anonfun$get$1.apply(ApplicationProvider.scala:102) ~[play_2.10.jar:2.2.2]
	at scala.concurrent.impl.Future$PromiseCompletingRunnable.liftedTree1$1(Future.scala:24) ~[scala-library-2.10.4.jar:na]
	at scala.concurrent.impl.Future$PromiseCompletingRunnable.run(Future.scala:24) ~[scala-library-2.10.4.jar:na]
	at scala.concurrent.forkjoin.ForkJoinTask$AdaptedRunnableAction.exec(ForkJoinTask.java:1361) ~[scala-library-2.10.4.jar:na]
	at scala.concurrent.forkjoin.ForkJoinTask.doExec(ForkJoinTask.java:260) ~[scala-library-2.10.4.jar:na]
	at scala.concurrent.forkjoin.ForkJoinPool$WorkQueue.runTask(ForkJoinPool.java:1339) ~[scala-library-2.10.4.jar:na]
	at scala.concurrent.forkjoin.ForkJoinPool.runWorker(ForkJoinPool.java:1979) ~[scala-library-2.10.4.jar:na]
	at scala.concurrent.forkjoin.ForkJoinWorkerThread.run(ForkJoinWorkerThread.java:107) ~[scala-library-2.10.4.jar:na]

2014-06-27 10:16:10,814 - [INFO] - from com.jolbox.bonecp.BoneCP in play-internal-execution-context-1 
Shutting down connection pool...

2014-06-27 10:16:10,815 - [DEBUG] - from com.jolbox.bonecp.PoolWatchThread in BoneCP-pool-watch-thread 
Terminating pool watch thread

2014-06-27 10:16:10,815 - [DEBUG] - from com.jolbox.bonecp.PoolWatchThread in BoneCP-pool-watch-thread 
Terminating pool watch thread

2014-06-27 10:16:10,819 - [INFO] - from com.jolbox.bonecp.BoneCP in play-internal-execution-context-1 
Connection pool has been shutdown.

2014-06-27 10:16:10,819 - [DEBUG] - from com.jolbox.bonecp.BoneCPDataSource in play-internal-execution-context-1 
Connection pool has been shut down

2014-06-27 10:16:10,879 - [DEBUG] - from com.jolbox.bonecp.BoneCPDataSource in play-internal-execution-context-1 
JDBC URL = jdbc:mysql://localhost:3306/bugatti2?characterEncoding=utf8, Username = root, partitions = 2, max (per partition) = 50, min (per partition) = 5, idle max age = 10 min, idle test period = 5 min, strategy = DEFAULT

2014-06-27 10:16:10,920 - [INFO] - from play in play-internal-execution-context-1 
database [default] connected at jdbc:mysql://localhost:3306/bugatti2?characterEncoding=utf8

2014-06-27 10:16:10,991 - [DEBUG] - from com.jolbox.bonecp.PreparedStatementHandle in play-internal-execution-context-1 
drop table `sub_project_conf_log_content`

2014-06-27 10:16:11,005 - [DEBUG] - from com.jolbox.bonecp.PreparedStatementHandle in play-internal-execution-context-1 
create table `sub_project_conf_log_content` (`id` INTEGER NOT NULL PRIMARY KEY,`content` text NOT NULL)

2014-06-27 10:16:11,026 - [DEBUG] - from com.jolbox.bonecp.PreparedStatementHandle in play-internal-execution-context-1 
drop table `sub_project_conf_log`

2014-06-27 10:16:11,028 - [DEBUG] - from com.jolbox.bonecp.PreparedStatementHandle in play-internal-execution-context-1 
create table `sub_project_conf_log` (`id` INTEGER NOT NULL AUTO_INCREMENT PRIMARY KEY,`scid` INTEGER NOT NULL,`eid` INTEGER NOT NULL,`spid` INTEGER NOT NULL,`name` VARCHAR(50) NOT NULL,`path` VARCHAR(500) NOT NULL,`remark` VARCHAR(500) NOT NULL,`updated` TIMESTAMP DEFAULT {ts '2014-06-27 10:16:11.028'} NOT NULL)

2014-06-27 10:16:11,063 - [DEBUG] - from com.jolbox.bonecp.PreparedStatementHandle in play-internal-execution-context-1 
drop table `sub_project_conf_content`

2014-06-27 10:16:11,064 - [DEBUG] - from com.jolbox.bonecp.PreparedStatementHandle in play-internal-execution-context-1 
create table `sub_project_conf_content` (`id` INTEGER NOT NULL PRIMARY KEY,`content` text NOT NULL)

2014-06-27 10:16:11,077 - [DEBUG] - from com.jolbox.bonecp.PreparedStatementHandle in play-internal-execution-context-1 
drop table `sub_project_conf`

2014-06-27 10:16:11,079 - [DEBUG] - from com.jolbox.bonecp.PreparedStatementHandle in play-internal-execution-context-1 
create table `sub_project_conf` (`id` INTEGER NOT NULL AUTO_INCREMENT PRIMARY KEY,`eid` INTEGER NOT NULL,`pid` INTEGER NOT NULL,`spid` INTEGER NOT NULL,`name` VARCHAR(50) NOT NULL,`path` VARCHAR(500) NOT NULL,`last_updated` TIMESTAMP DEFAULT {ts '2014-06-27 10:16:11.078'} NOT NULL)

2014-06-27 10:16:11,090 - [DEBUG] - from com.jolbox.bonecp.PreparedStatementHandle in play-internal-execution-context-1 
create index `idx_espid` on `sub_project_conf` (`eid`,`spid`)

2014-06-27 10:16:11,105 - [DEBUG] - from com.jolbox.bonecp.PreparedStatementHandle in play-internal-execution-context-1 
drop table `sub_project`

2014-06-27 10:16:11,107 - [DEBUG] - from com.jolbox.bonecp.PreparedStatementHandle in play-internal-execution-context-1 
create table `sub_project` (`id` INTEGER NOT NULL AUTO_INCREMENT PRIMARY KEY,`pid` INTEGER NOT NULL,`version` VARCHAR(254) NOT NULL,`updated` TIMESTAMP DEFAULT {ts '2014-06-27 10:16:11.106'} NOT NULL)

2014-06-27 10:16:11,122 - [DEBUG] - from com.jolbox.bonecp.PreparedStatementHandle in play-internal-execution-context-1 
create index `idx_pid` on `sub_project` (`pid`)

2014-06-27 10:16:11,146 - [DEBUG] - from com.jolbox.bonecp.PreparedStatementHandle in play-internal-execution-context-1 
drop table `permission`

2014-06-27 10:16:11,154 - [DEBUG] - from com.jolbox.bonecp.PreparedStatementHandle in play-internal-execution-context-1 
create table `permission` (`job_no` VARCHAR(16) NOT NULL PRIMARY KEY,`functions` text NOT NULL)

2014-06-27 10:16:11,175 - [DEBUG] - from com.jolbox.bonecp.PreparedStatementHandle in play-internal-execution-context-1 
drop table `environment`

2014-06-27 10:16:11,177 - [DEBUG] - from com.jolbox.bonecp.PreparedStatementHandle in play-internal-execution-context-1 
create table `environment` (`id` INTEGER NOT NULL AUTO_INCREMENT PRIMARY KEY,`name` VARCHAR(30) NOT NULL,`remark` VARCHAR(254),`nfs_server` VARCHAR(30),`ip_range` VARCHAR(300),`level` INTEGER DEFAULT 0 NOT NULL)

2014-06-27 10:16:11,189 - [DEBUG] - from com.jolbox.bonecp.PreparedStatementHandle in play-internal-execution-context-1 
create unique index `idx_name` on `environment` (`name`)

2014-06-27 10:16:11,202 - [DEBUG] - from com.jolbox.bonecp.PreparedStatementHandle in play-internal-execution-context-1 
drop table `member`

2014-06-27 10:16:11,204 - [DEBUG] - from com.jolbox.bonecp.PreparedStatementHandle in play-internal-execution-context-1 
create table `member` (`id` INTEGER NOT NULL PRIMARY KEY,`pid` INTEGER NOT NULL,`level` INTEGER DEFAULT 0 NOT NULL,`job_no` VARCHAR(16) NOT NULL)

2014-06-27 10:16:11,215 - [DEBUG] - from com.jolbox.bonecp.PreparedStatementHandle in play-internal-execution-context-1 
drop table `project`

2014-06-27 10:16:11,217 - [DEBUG] - from com.jolbox.bonecp.PreparedStatementHandle in play-internal-execution-context-1 
create table `project` (`id` INTEGER NOT NULL AUTO_INCREMENT PRIMARY KEY,`name` VARCHAR(254) NOT NULL,`type_id` INTEGER NOT NULL,`last_version` VARCHAR(254) NOT NULL,`last_updated` TIMESTAMP DEFAULT {ts '2014-06-27 10:16:11.216'} NOT NULL)

2014-06-27 10:16:11,230 - [DEBUG] - from com.jolbox.bonecp.PreparedStatementHandle in play-internal-execution-context-1 
create unique index `idx_name` on `project` (`name`)

2014-06-27 10:16:11,245 - [DEBUG] - from com.jolbox.bonecp.PreparedStatementHandle in play-internal-execution-context-1 
drop table `app_user`

2014-06-27 10:16:11,247 - [DEBUG] - from com.jolbox.bonecp.PreparedStatementHandle in play-internal-execution-context-1 
create table `app_user` (`job_no` VARCHAR(16) NOT NULL PRIMARY KEY,`name` VARCHAR(20),`role` ENUM('admin', 'user') DEFAULT 'user' NOT NULL,`locked` ENUM('y', 'n') DEFAULT 'n' NOT NULL,`last_ip` VARCHAR(40),`last_visit` TIMESTAMP DEFAULT {ts '2014-06-27 10:16:11.246'} NULL)

2014-06-27 10:16:11,257 - [INFO] - from play in play-internal-execution-context-1 
Application started (Dev)

2014-06-27 10:16:26,825 - [DEBUG] - from com.jolbox.bonecp.PreparedStatementHandle in play-akka.actor.default-dispatcher-46 
select x2.`id`, x2.`name`, x2.`remark`, x2.`nfs_server`, x2.`ip_range`, x2.`level` from `environment` x2 where x2.`name` = 'fds'

2014-06-27 10:16:26,844 - [DEBUG] - from com.jolbox.bonecp.PreparedStatementHandle in play-akka.actor.default-dispatcher-46 
INSERT INTO `environment` (`name`,`remark`,`nfs_server`,`ip_range`,`level`) VALUES ('fds','[SQL NULL of type 12]','fsd','1.1.1.1/1',0)

2014-06-27 10:16:29,625 - [DEBUG] - from com.jolbox.bonecp.PreparedStatementHandle in play-akka.actor.default-dispatcher-46 
select x2.`id`, x2.`name`, x2.`remark`, x2.`nfs_server`, x2.`ip_range`, x2.`level` from `environment` x2 where x2.`name` = 'fds'

2014-06-27 10:16:32,377 - [DEBUG] - from com.jolbox.bonecp.PreparedStatementHandle in play-akka.actor.default-dispatcher-46 
select x2.`id`, x2.`name`, x2.`remark`, x2.`nfs_server`, x2.`ip_range`, x2.`level` from `environment` x2 where x2.`name` = 'fds'

2014-06-27 10:16:36,338 - [DEBUG] - from com.jolbox.bonecp.PreparedStatementHandle in play-akka.actor.default-dispatcher-46 
select x2.`id`, x2.`name`, x2.`remark`, x2.`nfs_server`, x2.`ip_range`, x2.`level` from `environment` x2 where x2.`name` = 'fds2'

2014-06-27 10:16:36,339 - [DEBUG] - from com.jolbox.bonecp.PreparedStatementHandle in play-akka.actor.default-dispatcher-46 
INSERT INTO `environment` (`name`,`remark`,`nfs_server`,`ip_range`,`level`) VALUES ('fds2','[SQL NULL of type 12]','fsd','1.1.1.1/1',1)

2014-06-27 10:18:23,299 - [DEBUG] - from com.jolbox.bonecp.PreparedStatementHandle in play-akka.actor.default-dispatcher-48 
select x2.x3 from (select count(1) as x3 from (select x4.`id` as `id`, x4.`nfs_server` as `nfs_server`, x4.`name` as `name`, x4.`ip_range` as `ip_range`, x4.`remark` as `remark`, x4.`level` as `level` from `environment` x4) x5) x2

2014-06-27 10:18:23,318 - [DEBUG] - from com.jolbox.bonecp.PreparedStatementHandle in play-akka.actor.default-dispatcher-47 
select x2.`id`, x2.`name`, x2.`remark`, x2.`nfs_server`, x2.`ip_range`, x2.`level` from (select x3.`id` as `id`, x3.`nfs_server` as `nfs_server`, x3.`name` as `name`, x3.`ip_range` as `ip_range`, x3.`remark` as `remark`, x3.`level` as `level` from `environment` x3 limit 10) x2

2014-06-27 10:18:30,872 - [DEBUG] - from com.jolbox.bonecp.PreparedStatementHandle in play-akka.actor.default-dispatcher-48 
select x2.x3 from (select count(1) as x3 from (select x4.`id` as `id`, x4.`nfs_server` as `nfs_server`, x4.`name` as `name`, x4.`ip_range` as `ip_range`, x4.`remark` as `remark`, x4.`level` as `level` from `environment` x4) x5) x2

2014-06-27 10:18:30,884 - [DEBUG] - from com.jolbox.bonecp.PreparedStatementHandle in play-akka.actor.default-dispatcher-47 
select x2.`id`, x2.`name`, x2.`remark`, x2.`nfs_server`, x2.`ip_range`, x2.`level` from (select x3.`id` as `id`, x3.`nfs_server` as `nfs_server`, x3.`name` as `name`, x3.`ip_range` as `ip_range`, x3.`remark` as `remark`, x3.`level` as `level` from `environment` x3 limit 10) x2

2014-06-27 10:18:53,365 - [DEBUG] - from com.jolbox.bonecp.PreparedStatementHandle in play-akka.actor.default-dispatcher-48 
select x2.`id`, x2.`name`, x2.`remark`, x2.`nfs_server`, x2.`ip_range`, x2.`level` from `environment` x2 where x2.`name` = 'fsd'

2014-06-27 10:18:53,367 - [DEBUG] - from com.jolbox.bonecp.PreparedStatementHandle in play-akka.actor.default-dispatcher-48 
INSERT INTO `environment` (`name`,`remark`,`nfs_server`,`ip_range`,`level`) VALUES ('fsd','fsd
fsdfsd','fds','1.1.1.1/1',1)

2014-06-27 10:19:23,699 - [DEBUG] - from com.jolbox.bonecp.PreparedStatementHandle in play-akka.actor.default-dispatcher-50 
select x2.`id`, x2.`name`, x2.`remark`, x2.`nfs_server`, x2.`ip_range`, x2.`level` from `environment` x2 where x2.`name` = 'fsd'

2014-06-27 10:19:26,785 - [DEBUG] - from com.jolbox.bonecp.PreparedStatementHandle in play-akka.actor.default-dispatcher-50 
select x2.`id`, x2.`name`, x2.`remark`, x2.`nfs_server`, x2.`ip_range`, x2.`level` from `environment` x2 where x2.`name` = 'fdsfs'

2014-06-27 10:19:26,787 - [DEBUG] - from com.jolbox.bonecp.PreparedStatementHandle in play-akka.actor.default-dispatcher-50 
INSERT INTO `environment` (`name`,`remark`,`nfs_server`,`ip_range`,`level`) VALUES ('fdsfs','fsd','22','11.1.1.1/1',1)

2014-06-27 10:19:26,818 - [DEBUG] - from com.jolbox.bonecp.PreparedStatementHandle in play-akka.actor.default-dispatcher-49 
select x2.x3 from (select count(1) as x3 from (select x4.`id` as `id`, x4.`nfs_server` as `nfs_server`, x4.`name` as `name`, x4.`ip_range` as `ip_range`, x4.`remark` as `remark`, x4.`level` as `level` from `environment` x4) x5) x2

2014-06-27 10:19:26,828 - [DEBUG] - from com.jolbox.bonecp.PreparedStatementHandle in play-akka.actor.default-dispatcher-50 
select x2.`id`, x2.`name`, x2.`remark`, x2.`nfs_server`, x2.`ip_range`, x2.`level` from (select x3.`id` as `id`, x3.`nfs_server` as `nfs_server`, x3.`name` as `name`, x3.`ip_range` as `ip_range`, x3.`remark` as `remark`, x3.`level` as `level` from `environment` x3 limit 10) x2

2014-06-27 10:20:34,176 - [DEBUG] - from com.jolbox.bonecp.PreparedStatementHandle in play-akka.actor.default-dispatcher-51 
select x2.`id`, x2.`name`, x2.`remark`, x2.`nfs_server`, x2.`ip_range`, x2.`level` from `environment` x2 where x2.`id` = 1

2014-06-27 10:20:36,085 - [DEBUG] - from com.jolbox.bonecp.PreparedStatementHandle in play-akka.actor.default-dispatcher-50 
select x2.x3 from (select count(1) as x3 from (select x4.`id` as `id`, x4.`nfs_server` as `nfs_server`, x4.`name` as `name`, x4.`ip_range` as `ip_range`, x4.`remark` as `remark`, x4.`level` as `level` from `environment` x4) x5) x2

2014-06-27 10:20:36,097 - [DEBUG] - from com.jolbox.bonecp.PreparedStatementHandle in play-akka.actor.default-dispatcher-51 
select x2.`id`, x2.`name`, x2.`remark`, x2.`nfs_server`, x2.`ip_range`, x2.`level` from (select x3.`id` as `id`, x3.`nfs_server` as `nfs_server`, x3.`name` as `name`, x3.`ip_range` as `ip_range`, x3.`remark` as `remark`, x3.`level` as `level` from `environment` x3 limit 10) x2

2014-06-27 10:21:59,317 - [DEBUG] - from com.jolbox.bonecp.PreparedStatementHandle in play-akka.actor.default-dispatcher-50 
select x2.`id`, x2.`name`, x2.`remark`, x2.`nfs_server`, x2.`ip_range`, x2.`level` from (select x3.`id` as `id`, x3.`nfs_server` as `nfs_server`, x3.`name` as `name`, x3.`ip_range` as `ip_range`, x3.`remark` as `remark`, x3.`level` as `level` from `environment` x3 limit 10) x2

2014-06-27 10:21:59,326 - [DEBUG] - from com.jolbox.bonecp.PreparedStatementHandle in play-akka.actor.default-dispatcher-52 
select x2.x3 from (select count(1) as x3 from (select x4.`id` as `id`, x4.`nfs_server` as `nfs_server`, x4.`name` as `name`, x4.`ip_range` as `ip_range`, x4.`remark` as `remark`, x4.`level` as `level` from `environment` x4) x5) x2

2014-06-27 10:22:01,472 - [DEBUG] - from com.jolbox.bonecp.PreparedStatementHandle in play-akka.actor.default-dispatcher-52 
select x2.`id`, x2.`name`, x2.`remark`, x2.`nfs_server`, x2.`ip_range`, x2.`level` from `environment` x2 where x2.`id` = 1

2014-06-27 10:22:03,782 - [DEBUG] - from com.jolbox.bonecp.PreparedStatementHandle in play-akka.actor.default-dispatcher-50 
select x2.x3 from (select count(1) as x3 from (select x4.`id` as `id`, x4.`nfs_server` as `nfs_server`, x4.`name` as `name`, x4.`ip_range` as `ip_range`, x4.`remark` as `remark`, x4.`level` as `level` from `environment` x4) x5) x2

2014-06-27 10:22:03,795 - [DEBUG] - from com.jolbox.bonecp.PreparedStatementHandle in play-akka.actor.default-dispatcher-52 
select x2.`id`, x2.`name`, x2.`remark`, x2.`nfs_server`, x2.`ip_range`, x2.`level` from (select x3.`id` as `id`, x3.`nfs_server` as `nfs_server`, x3.`name` as `name`, x3.`ip_range` as `ip_range`, x3.`remark` as `remark`, x3.`level` as `level` from `environment` x3 limit 10) x2

2014-06-27 10:22:05,271 - [DEBUG] - from com.jolbox.bonecp.PreparedStatementHandle in play-akka.actor.default-dispatcher-52 
select x2.`id`, x2.`name`, x2.`remark`, x2.`nfs_server`, x2.`ip_range`, x2.`level` from `environment` x2 where x2.`id` = 3

2014-06-27 10:22:07,774 - [DEBUG] - from com.jolbox.bonecp.PreparedStatementHandle in play-akka.actor.default-dispatcher-52 
update `environment` set `id` = 3, `name` = 'fsd', `remark` = 'fsd
fsdfsd', `nfs_server` = 'fds', `ip_range` = '1.1.1.1/1', `level` = 1 where `environment`.`id` = 3

2014-06-27 10:22:07,823 - [DEBUG] - from com.jolbox.bonecp.PreparedStatementHandle in play-akka.actor.default-dispatcher-52 
select x2.x3 from (select count(1) as x3 from (select x4.`id` as `id`, x4.`nfs_server` as `nfs_server`, x4.`name` as `name`, x4.`ip_range` as `ip_range`, x4.`remark` as `remark`, x4.`level` as `level` from `environment` x4) x5) x2

2014-06-27 10:22:07,836 - [DEBUG] - from com.jolbox.bonecp.PreparedStatementHandle in play-akka.actor.default-dispatcher-50 
select x2.`id`, x2.`name`, x2.`remark`, x2.`nfs_server`, x2.`ip_range`, x2.`level` from (select x3.`id` as `id`, x3.`nfs_server` as `nfs_server`, x3.`name` as `name`, x3.`ip_range` as `ip_range`, x3.`remark` as `remark`, x3.`level` as `level` from `environment` x3 limit 10) x2

2014-06-27 10:22:10,091 - [DEBUG] - from com.jolbox.bonecp.PreparedStatementHandle in play-akka.actor.default-dispatcher-52 
select x2.`id`, x2.`name`, x2.`remark`, x2.`nfs_server`, x2.`ip_range`, x2.`level` from `environment` x2 where x2.`id` = 4

2014-06-27 10:22:14,496 - [DEBUG] - from com.jolbox.bonecp.PreparedStatementHandle in play-akka.actor.default-dispatcher-52 
update `environment` set `id` = 4, `name` = 'fdsfs', `remark` = 'fsd
大爷', `nfs_server` = '22', `ip_range` = '11.1.1.1/1', `level` = 1 where `environment`.`id` = 4

2014-06-27 10:22:14,519 - [DEBUG] - from com.jolbox.bonecp.PreparedStatementHandle in play-akka.actor.default-dispatcher-50 
select x2.x3 from (select count(1) as x3 from (select x4.`id` as `id`, x4.`nfs_server` as `nfs_server`, x4.`name` as `name`, x4.`ip_range` as `ip_range`, x4.`remark` as `remark`, x4.`level` as `level` from `environment` x4) x5) x2

2014-06-27 10:22:14,530 - [DEBUG] - from com.jolbox.bonecp.PreparedStatementHandle in play-akka.actor.default-dispatcher-52 
select x2.`id`, x2.`name`, x2.`remark`, x2.`nfs_server`, x2.`ip_range`, x2.`level` from (select x3.`id` as `id`, x3.`nfs_server` as `nfs_server`, x3.`name` as `name`, x3.`ip_range` as `ip_range`, x3.`remark` as `remark`, x3.`level` as `level` from `environment` x3 limit 10) x2

2014-06-27 10:22:16,130 - [DEBUG] - from com.jolbox.bonecp.PreparedStatementHandle in play-akka.actor.default-dispatcher-50 
select x2.`id`, x2.`name`, x2.`remark`, x2.`nfs_server`, x2.`ip_range`, x2.`level` from `environment` x2 where x2.`id` = 4

2014-06-27 10:22:17,828 - [DEBUG] - from com.jolbox.bonecp.PreparedStatementHandle in play-akka.actor.default-dispatcher-50 
update `environment` set `id` = 4, `name` = 'fdsfs', `remark` = 'fsd
大爷', `nfs_server` = '22', `ip_range` = '11.1.1.1/1', `level` = 0 where `environment`.`id` = 4

2014-06-27 10:22:17,856 - [DEBUG] - from com.jolbox.bonecp.PreparedStatementHandle in play-akka.actor.default-dispatcher-50 
select x2.x3 from (select count(1) as x3 from (select x4.`id` as `id`, x4.`nfs_server` as `nfs_server`, x4.`name` as `name`, x4.`ip_range` as `ip_range`, x4.`remark` as `remark`, x4.`level` as `level` from `environment` x4) x5) x2

2014-06-27 10:22:17,868 - [DEBUG] - from com.jolbox.bonecp.PreparedStatementHandle in play-akka.actor.default-dispatcher-52 
select x2.`id`, x2.`name`, x2.`remark`, x2.`nfs_server`, x2.`ip_range`, x2.`level` from (select x3.`id` as `id`, x3.`nfs_server` as `nfs_server`, x3.`name` as `name`, x3.`ip_range` as `ip_range`, x3.`remark` as `remark`, x3.`level` as `level` from `environment` x3 limit 10) x2

2014-06-27 10:22:19,334 - [DEBUG] - from com.jolbox.bonecp.PreparedStatementHandle in play-akka.actor.default-dispatcher-52 
select x2.`id`, x2.`name`, x2.`remark`, x2.`nfs_server`, x2.`ip_range`, x2.`level` from `environment` x2 where x2.`id` = 4

2014-06-27 10:22:20,913 - [DEBUG] - from com.jolbox.bonecp.PreparedStatementHandle in play-akka.actor.default-dispatcher-52 
update `environment` set `id` = 4, `name` = 'fdsfs', `remark` = 'fsd
大爷', `nfs_server` = '22', `ip_range` = '11.1.1.1/1', `level` = 1 where `environment`.`id` = 4

2014-06-27 10:22:20,939 - [DEBUG] - from com.jolbox.bonecp.PreparedStatementHandle in play-akka.actor.default-dispatcher-50 
select x2.x3 from (select count(1) as x3 from (select x4.`id` as `id`, x4.`nfs_server` as `nfs_server`, x4.`name` as `name`, x4.`ip_range` as `ip_range`, x4.`remark` as `remark`, x4.`level` as `level` from `environment` x4) x5) x2

2014-06-27 10:22:20,954 - [DEBUG] - from com.jolbox.bonecp.PreparedStatementHandle in play-akka.actor.default-dispatcher-50 
select x2.`id`, x2.`name`, x2.`remark`, x2.`nfs_server`, x2.`ip_range`, x2.`level` from (select x3.`id` as `id`, x3.`nfs_server` as `nfs_server`, x3.`name` as `name`, x3.`ip_range` as `ip_range`, x3.`remark` as `remark`, x3.`level` as `level` from `environment` x3 limit 10) x2

2014-06-27 10:22:23,979 - [DEBUG] - from com.jolbox.bonecp.PreparedStatementHandle in play-akka.actor.default-dispatcher-52 
select x2.`id`, x2.`name`, x2.`remark`, x2.`nfs_server`, x2.`ip_range`, x2.`level` from `environment` x2 where x2.`id` = 1

2014-06-27 10:23:09,161 - [DEBUG] - from com.jolbox.bonecp.PreparedStatementHandle in play-akka.actor.default-dispatcher-55 
select x2.`id`, x2.`name`, x2.`remark`, x2.`nfs_server`, x2.`ip_range`, x2.`level` from `environment` x2 where x2.`id` = 1

2014-06-27 10:23:10,202 - [DEBUG] - from com.jolbox.bonecp.PreparedStatementHandle in play-akka.actor.default-dispatcher-58 
select x2.x3 from (select count(1) as x3 from (select x4.`id` as `id`, x4.`nfs_server` as `nfs_server`, x4.`name` as `name`, x4.`ip_range` as `ip_range`, x4.`remark` as `remark`, x4.`level` as `level` from `environment` x4) x5) x2

2014-06-27 10:23:10,217 - [DEBUG] - from com.jolbox.bonecp.PreparedStatementHandle in play-akka.actor.default-dispatcher-55 
select x2.`id`, x2.`name`, x2.`remark`, x2.`nfs_server`, x2.`ip_range`, x2.`level` from (select x3.`id` as `id`, x3.`nfs_server` as `nfs_server`, x3.`name` as `name`, x3.`ip_range` as `ip_range`, x3.`remark` as `remark`, x3.`level` as `level` from `environment` x3 limit 10) x2

2014-06-27 10:23:12,821 - [DEBUG] - from com.jolbox.bonecp.PreparedStatementHandle in play-akka.actor.default-dispatcher-55 
select x2.`id`, x2.`name`, x2.`remark`, x2.`nfs_server`, x2.`ip_range`, x2.`level` from `environment` x2 where x2.`id` = 3

2014-06-27 10:23:14,063 - [DEBUG] - from com.jolbox.bonecp.PreparedStatementHandle in play-akka.actor.default-dispatcher-58 
select x2.x3 from (select count(1) as x3 from (select x4.`id` as `id`, x4.`nfs_server` as `nfs_server`, x4.`name` as `name`, x4.`ip_range` as `ip_range`, x4.`remark` as `remark`, x4.`level` as `level` from `environment` x4) x5) x2

2014-06-27 10:23:14,073 - [DEBUG] - from com.jolbox.bonecp.PreparedStatementHandle in play-akka.actor.default-dispatcher-55 
select x2.`id`, x2.`name`, x2.`remark`, x2.`nfs_server`, x2.`ip_range`, x2.`level` from (select x3.`id` as `id`, x3.`nfs_server` as `nfs_server`, x3.`name` as `name`, x3.`ip_range` as `ip_range`, x3.`remark` as `remark`, x3.`level` as `level` from `environment` x3 limit 10) x2

2014-06-27 10:23:17,306 - [DEBUG] - from com.jolbox.bonecp.PreparedStatementHandle in play-akka.actor.default-dispatcher-58 
delete from `environment` where `environment`.`id` = 3

2014-06-27 10:23:17,333 - [DEBUG] - from com.jolbox.bonecp.PreparedStatementHandle in play-akka.actor.default-dispatcher-58 
select x2.x3 from (select count(1) as x3 from (select x4.`id` as `id`, x4.`nfs_server` as `nfs_server`, x4.`name` as `name`, x4.`ip_range` as `ip_range`, x4.`remark` as `remark`, x4.`level` as `level` from `environment` x4) x5) x2

2014-06-27 10:23:24,707 - [DEBUG] - from com.jolbox.bonecp.PreparedStatementHandle in play-akka.actor.default-dispatcher-50 
select x2.x3 from (select count(1) as x3 from (select x4.`id` as `id`, x4.`nfs_server` as `nfs_server`, x4.`name` as `name`, x4.`ip_range` as `ip_range`, x4.`remark` as `remark`, x4.`level` as `level` from `environment` x4) x5) x2

2014-06-27 10:23:24,719 - [DEBUG] - from com.jolbox.bonecp.PreparedStatementHandle in play-akka.actor.default-dispatcher-55 
select x2.`id`, x2.`name`, x2.`remark`, x2.`nfs_server`, x2.`ip_range`, x2.`level` from (select x3.`id` as `id`, x3.`nfs_server` as `nfs_server`, x3.`name` as `name`, x3.`ip_range` as `ip_range`, x3.`remark` as `remark`, x3.`level` as `level` from `environment` x3 limit 10) x2

2014-06-27 10:25:23,336 - [DEBUG] - from com.jolbox.bonecp.PreparedStatementHandle in play-akka.actor.default-dispatcher-61 
select x2.x3 from (select count(1) as x3 from (select x4.`id` as `id`, x4.`nfs_server` as `nfs_server`, x4.`name` as `name`, x4.`ip_range` as `ip_range`, x4.`remark` as `remark`, x4.`level` as `level` from `environment` x4) x5) x2

2014-06-27 10:25:23,349 - [DEBUG] - from com.jolbox.bonecp.PreparedStatementHandle in play-akka.actor.default-dispatcher-60 
select x2.`id`, x2.`name`, x2.`remark`, x2.`nfs_server`, x2.`ip_range`, x2.`level` from (select x3.`id` as `id`, x3.`nfs_server` as `nfs_server`, x3.`name` as `name`, x3.`ip_range` as `ip_range`, x3.`remark` as `remark`, x3.`level` as `level` from `environment` x3 limit 10) x2

